<?xml version="1.0" encoding="UTF-8"?>
<!-- Generated by org.testng.reporters.JUnitXMLReporter -->
<testsuite hostname="DESKTOP-LLLGMOJ" ignored="0" name="T_TestSuite" tests="3" failures="0" timestamp="2021-12-17T15:27:38 IST" time="83.84" errors="0">
  <testcase name="testAddCompaings" time="6.568" classname="vtigertests.testVtigerCompaingAssignment"/>
  <testcase name="testEditCompaings" time="5.24" classname="vtigertests.testVtigerCompaingAssignment"/>
  <testcase name="testDeleteCompaings" time="23.34" classname="vtigertests.testVtigerCompaingAssignment"/>
</testsuite> <!-- T_TestSuite -->
