<?xml version="1.0" encoding="UTF-8"?>
<!-- Generated by org.testng.reporters.JUnitXMLReporter -->
<testsuite hostname="DESKTOP-LLLGMOJ" name="Default test" tests="3" failures="0" timestamp="22 Dec 2021 03:57:24 GMT" time="22.313" errors="0">
  <testcase name="runScenario" time="6.579" classname="runner.TestRunner"/>
  <testcase name="runScenario" time="9.272" classname="runner.TestRunner"/>
  <testcase name="runScenario" time="6.087" classname="runner.TestRunner"/>
</testsuite> <!-- Default test -->
