<?xml version="1.0" encoding="UTF-8"?>
<!-- Generated by org.testng.reporters.JUnitXMLReporter -->
<testsuite hostname="DESKTOP-LLLGMOJ" ignored="0" name="Default test" tests="3" failures="0" timestamp="2021-12-18T09:24:26 IST" time="26.909" errors="0">
  <testcase name="testAddLead" time="7.971" classname="vtigertests.testVtigerLeadsAssignment"/>
  <testcase name="testEditLead" time="3.003" classname="vtigertests.testVtigerLeadsAssignment"/>
  <testcase name="testDeleteLead" time="1.237" classname="vtigertests.testVtigerLeadsAssignment"/>
</testsuite> <!-- Default test -->
